<?xml version="1.0" encoding="UTF-8"?>
<testng-results ignored="0" total="7" passed="7" failed="0" skipped="0">
  <reporter-output>
  </reporter-output>
  <suite started-at="2024-05-07T12:56:29 IST" name="Test Suite" finished-at="2024-05-07T12:57:07 IST" duration-ms="38217">
    <groups>
    </groups>
    <test started-at="2024-05-07T12:56:29 IST" name="Test" finished-at="2024-05-07T12:57:07 IST" duration-ms="38217">
      <class name="testcases.Testcases">
        <test-method is-config="true" signature="setUp()[pri:0, instance:testcases.Testcases@48f2bd5b]" started-at="2024-05-07T12:56:29 IST" name="setUp" finished-at="2024-05-07T12:56:35 IST" duration-ms="5925" status="PASS">
          <reporter-output>
          </reporter-output>
        </test-method> <!-- setUp -->
        <test-method signature="EnterAllTheTasks()[pri:1, instance:testcases.Testcases@48f2bd5b]" started-at="2024-05-07T12:56:35 IST" name="EnterAllTheTasks" description="Test to check if ToDo lists are getting entered" finished-at="2024-05-07T12:56:37 IST" duration-ms="1795" status="PASS">
          <reporter-output>
          </reporter-output>
        </test-method> <!-- EnterAllTheTasks -->
        <test-method is-config="true" signature="tearDown()[pri:0, instance:testcases.Testcases@48f2bd5b]" started-at="2024-05-07T12:56:37 IST" name="tearDown" finished-at="2024-05-07T12:56:37 IST" duration-ms="212" status="PASS">
          <reporter-output>
          </reporter-output>
        </test-method> <!-- tearDown -->
        <test-method is-config="true" signature="setUp()[pri:0, instance:testcases.Testcases@48f2bd5b]" started-at="2024-05-07T12:56:37 IST" name="setUp" finished-at="2024-05-07T12:56:44 IST" duration-ms="6906" status="PASS">
          <reporter-output>
          </reporter-output>
        </test-method> <!-- setUp -->
        <test-method signature="CompletedTask()[pri:2, instance:testcases.Testcases@48f2bd5b]" started-at="2024-05-07T12:56:44 IST" name="CompletedTask" description="Test to check the Completed task functionality" finished-at="2024-05-07T12:56:45 IST" duration-ms="637" status="PASS">
          <reporter-output>
          </reporter-output>
        </test-method> <!-- CompletedTask -->
        <test-method is-config="true" signature="tearDown()[pri:0, instance:testcases.Testcases@48f2bd5b]" started-at="2024-05-07T12:56:45 IST" name="tearDown" finished-at="2024-05-07T12:56:45 IST" duration-ms="171" status="PASS">
          <reporter-output>
          </reporter-output>
        </test-method> <!-- tearDown -->
        <test-method is-config="true" signature="setUp()[pri:0, instance:testcases.Testcases@48f2bd5b]" started-at="2024-05-07T12:56:45 IST" name="setUp" finished-at="2024-05-07T12:56:47 IST" duration-ms="1946" status="PASS">
          <reporter-output>
          </reporter-output>
        </test-method> <!-- setUp -->
        <test-method signature="FooterNoOfItemsDisplayed()[pri:3, instance:testcases.Testcases@48f2bd5b]" started-at="2024-05-07T12:56:47 IST" name="FooterNoOfItemsDisplayed" description="Test to verify the footer text" finished-at="2024-05-07T12:56:47 IST" duration-ms="625" status="PASS">
          <reporter-output>
          </reporter-output>
        </test-method> <!-- FooterNoOfItemsDisplayed -->
        <test-method is-config="true" signature="tearDown()[pri:0, instance:testcases.Testcases@48f2bd5b]" started-at="2024-05-07T12:56:47 IST" name="tearDown" finished-at="2024-05-07T12:56:48 IST" duration-ms="198" status="PASS">
          <reporter-output>
          </reporter-output>
        </test-method> <!-- tearDown -->
        <test-method is-config="true" signature="setUp()[pri:0, instance:testcases.Testcases@48f2bd5b]" started-at="2024-05-07T12:56:48 IST" name="setUp" finished-at="2024-05-07T12:56:50 IST" duration-ms="1926" status="PASS">
          <reporter-output>
          </reporter-output>
        </test-method> <!-- setUp -->
        <test-method signature="EditNameOfTheTask()[pri:4, instance:testcases.Testcases@48f2bd5b]" started-at="2024-05-07T12:56:50 IST" name="EditNameOfTheTask" description="Test to verify the edit functionality " finished-at="2024-05-07T12:56:54 IST" duration-ms="3988" status="PASS">
          <reporter-output>
          </reporter-output>
        </test-method> <!-- EditNameOfTheTask -->
        <test-method is-config="true" signature="tearDown()[pri:0, instance:testcases.Testcases@48f2bd5b]" started-at="2024-05-07T12:56:54 IST" name="tearDown" finished-at="2024-05-07T12:56:54 IST" duration-ms="126" status="PASS">
          <reporter-output>
          </reporter-output>
        </test-method> <!-- tearDown -->
        <test-method is-config="true" signature="setUp()[pri:0, instance:testcases.Testcases@48f2bd5b]" started-at="2024-05-07T12:56:54 IST" name="setUp" finished-at="2024-05-07T12:56:56 IST" duration-ms="1899" status="PASS">
          <reporter-output>
          </reporter-output>
        </test-method> <!-- setUp -->
        <test-method signature="ActiveTasksDisplayed()[pri:5, instance:testcases.Testcases@48f2bd5b]" started-at="2024-05-07T12:56:56 IST" name="ActiveTasksDisplayed" description="Test to check the Active button and display of active items  " finished-at="2024-05-07T12:56:56 IST" duration-ms="770" status="PASS">
          <reporter-output>
          </reporter-output>
        </test-method> <!-- ActiveTasksDisplayed -->
        <test-method is-config="true" signature="tearDown()[pri:0, instance:testcases.Testcases@48f2bd5b]" started-at="2024-05-07T12:56:56 IST" name="tearDown" finished-at="2024-05-07T12:56:56 IST" duration-ms="167" status="PASS">
          <reporter-output>
          </reporter-output>
        </test-method> <!-- tearDown -->
        <test-method is-config="true" signature="setUp()[pri:0, instance:testcases.Testcases@48f2bd5b]" started-at="2024-05-07T12:56:56 IST" name="setUp" finished-at="2024-05-07T12:56:59 IST" duration-ms="2043" status="PASS">
          <reporter-output>
          </reporter-output>
        </test-method> <!-- setUp -->
        <test-method signature="CompletedTasksDisplayed()[pri:6, instance:testcases.Testcases@48f2bd5b]" started-at="2024-05-07T12:56:59 IST" name="CompletedTasksDisplayed" description="Test to check the Completed button and display of completed items " finished-at="2024-05-07T12:57:00 IST" duration-ms="1726" status="PASS">
          <reporter-output>
          </reporter-output>
        </test-method> <!-- CompletedTasksDisplayed -->
        <test-method is-config="true" signature="tearDown()[pri:0, instance:testcases.Testcases@48f2bd5b]" started-at="2024-05-07T12:57:00 IST" name="tearDown" finished-at="2024-05-07T12:57:00 IST" duration-ms="203" status="PASS">
          <reporter-output>
          </reporter-output>
        </test-method> <!-- tearDown -->
        <test-method is-config="true" signature="setUp()[pri:0, instance:testcases.Testcases@48f2bd5b]" started-at="2024-05-07T12:57:00 IST" name="setUp" finished-at="2024-05-07T12:57:02 IST" duration-ms="1735" status="PASS">
          <reporter-output>
          </reporter-output>
        </test-method> <!-- setUp -->
        <test-method signature="ClearTheCompletedTask()[pri:7, instance:testcases.Testcases@48f2bd5b]" started-at="2024-05-07T12:57:02 IST" name="ClearTheCompletedTask" description="Test to check the Clear functionality " finished-at="2024-05-07T12:57:07 IST" duration-ms="5004" status="PASS">
          <reporter-output>
          </reporter-output>
        </test-method> <!-- ClearTheCompletedTask -->
        <test-method is-config="true" signature="tearDown()[pri:0, instance:testcases.Testcases@48f2bd5b]" started-at="2024-05-07T12:57:07 IST" name="tearDown" finished-at="2024-05-07T12:57:07 IST" duration-ms="114" status="PASS">
          <reporter-output>
          </reporter-output>
        </test-method> <!-- tearDown -->
      </class> <!-- testcases.Testcases -->
    </test> <!-- Test -->
  </suite> <!-- Test Suite -->
</testng-results>
