<?xml version="1.0" encoding="UTF-8"?>
<!-- Generated by org.testng.reporters.JUnitXMLReporter -->
<testsuite ignored="0" hostname="DESKTOP-LTE8IFC" failures="0" tests="7" name="Default test" time="32.092" errors="0" timestamp="2024-05-07T12:50:18 IST">
  <testcase classname="testcases.testcase1" name="EnterAllTheTasks" time="0.452"/>
  <testcase classname="testcases.testcase1" name="CompletedTask" time="0.572"/>
  <testcase classname="testcases.testcase1" name="FooterNoOfItemsDisplayed" time="0.582"/>
  <testcase classname="testcases.testcase1" name="EditNameOfTheTask" time="4.004"/>
  <testcase classname="testcases.testcase1" name="ActiveTasksDisplayed" time="0.816"/>
  <testcase classname="testcases.testcase1" name="CompletedTasksDisplayed" time="1.774"/>
  <testcase classname="testcases.testcase1" name="ClearTheCompletedTask" time="4.911"/>
</testsuite> <!-- Default test -->
