<?xml version="1.0" encoding="UTF-8"?>
<!-- Generated by org.testng.reporters.JUnitXMLReporter -->
<testsuite ignored="0" hostname="DESKTOP-LTE8IFC" failures="0" tests="7" name="Test" time="38.217" errors="0" timestamp="2024-05-07T12:57:07 IST">
  <testcase classname="testcases.Testcases" name="EnterAllTheTasks" time="1.795"/>
  <testcase classname="testcases.Testcases" name="CompletedTask" time="0.637"/>
  <testcase classname="testcases.Testcases" name="FooterNoOfItemsDisplayed" time="0.625"/>
  <testcase classname="testcases.Testcases" name="EditNameOfTheTask" time="3.988"/>
  <testcase classname="testcases.Testcases" name="ActiveTasksDisplayed" time="0.77"/>
  <testcase classname="testcases.Testcases" name="CompletedTasksDisplayed" time="1.726"/>
  <testcase classname="testcases.Testcases" name="ClearTheCompletedTask" time="5.004"/>
</testsuite> <!-- Test -->
